Started GET "/" for 127.0.0.1 at 2018-02-18 17:49:58 +0100
Processing by Rails::WelcomeController#index as HTML
  Rendering /var/lib/gems/2.3.0/gems/railties-5.1.5/lib/rails/templates/rails/welcome/index.html.erb
  Rendered /var/lib/gems/2.3.0/gems/railties-5.1.5/lib/rails/templates/rails/welcome/index.html.erb (4.1ms)
Completed 200 OK in 224ms (Views: 27.6ms)


Started GET "/" for 127.0.0.1 at 2018-02-18 17:57:22 +0100
Processing by PagesController#home as HTML
  Rendering pages/home.html.erb within layouts/application
  Rendered pages/home.html.erb within layouts/application (1.0ms)
Completed 200 OK in 1558ms (Views: 1356.9ms)


Started GET "/" for 127.0.0.1 at 2018-02-18 17:58:11 +0100
Processing by PagesController#home as HTML
  Rendering pages/home.html.erb within layouts/application
  Rendered pages/home.html.erb within layouts/application (1.0ms)
Completed 200 OK in 521ms (Views: 321.3ms)


Started GET "/" for 127.0.0.1 at 2018-02-18 17:59:36 +0100
Processing by PagesController#home as HTML
  Rendering pages/home.html.erb within layouts/application
  Rendered pages/home.html.erb within layouts/application (1.9ms)
Completed 200 OK in 531ms (Views: 324.6ms)


Started GET "/" for 127.0.0.1 at 2018-02-18 18:01:17 +0100
Processing by PagesController#home as HTML
  Rendering pages/home.html.erb within layouts/application
  Rendered pages/home.html.erb within layouts/application (0.6ms)
Completed 200 OK in 32ms (Views: 30.5ms)


Started GET "/" for 127.0.0.1 at 2018-02-18 18:02:49 +0100
Processing by PagesController#home as HTML
  Rendering pages/home.html.erb within layouts/application
  Rendered pages/home.html.erb within layouts/application (0.9ms)
Completed 200 OK in 31ms (Views: 29.2ms)


